2021-11-08 16:41:16.162901 Using folder: /Users/eamador/Nextcloud/Codigo de Papers/Ruffinelli_Time/local/experiments/20211108-164116-config
2021-11-08 16:41:16.163017 Configuration:
2021-11-08 16:41:16.195448   KvsAll:
2021-11-08 16:41:16.195465     label_smoothing: 0.0
2021-11-08 16:41:16.195470   ax_search:
2021-11-08 16:41:16.195473     fixed_parameters: []
2021-11-08 16:41:16.195477     force_search_time: false
2021-11-08 16:41:16.195481     max_search_time: 60
2021-11-08 16:41:16.195485     num_sobol_trials: 30
2021-11-08 16:41:16.195490     num_trials: 30
2021-11-08 16:41:16.195493     parameter_constraints: []
2021-11-08 16:41:16.195498     parameters:
2021-11-08 16:41:16.195502     - name: model
2021-11-08 16:41:16.195505       type: choice
2021-11-08 16:41:16.195509       values:
2021-11-08 16:41:16.195513       - complex
2021-11-08 16:41:16.195517       - reciprocal_relations_model
2021-11-08 16:41:16.195521     - is_ordered: true
2021-11-08 16:41:16.195526       name: train.batch_size
2021-11-08 16:41:16.195531       type: choice
2021-11-08 16:41:16.195535       values:
2021-11-08 16:41:16.195540       - 128
2021-11-08 16:41:16.195544       - 256
2021-11-08 16:41:16.195549       - 512
2021-11-08 16:41:16.195553       - 1024
2021-11-08 16:41:16.195558     - name: train.type
2021-11-08 16:41:16.195563       type: fixed
2021-11-08 16:41:16.195566       value: 1vsAll
2021-11-08 16:41:16.195570     - name: train.optimizer
2021-11-08 16:41:16.195574       type: choice
2021-11-08 16:41:16.195577       values:
2021-11-08 16:41:16.195581       - Adam
2021-11-08 16:41:16.195585       - Adagrad
2021-11-08 16:41:16.195588     - name: train.loss
2021-11-08 16:41:16.195592       type: fixed
2021-11-08 16:41:16.195595       value: bce
2021-11-08 16:41:16.195599     - bounds:
2021-11-08 16:41:16.195603       - 0.0003
2021-11-08 16:41:16.195606       - 1.0
2021-11-08 16:41:16.195610       log_scale: true
2021-11-08 16:41:16.195615       name: train.optimizer_args.lr
2021-11-08 16:41:16.195618       type: range
2021-11-08 16:41:16.195622     - name: train.lr_scheduler
2021-11-08 16:41:16.195634       type: fixed
2021-11-08 16:41:16.195650       value: ReduceLROnPlateau
2021-11-08 16:41:16.195656     - name: train.lr_scheduler_args.mode
2021-11-08 16:41:16.195661       type: fixed
2021-11-08 16:41:16.195666       value: max
2021-11-08 16:41:16.195671     - name: train.lr_scheduler_args.factor
2021-11-08 16:41:16.195676       type: fixed
2021-11-08 16:41:16.195681       value: 0.95
2021-11-08 16:41:16.195704     - name: train.lr_scheduler_args.threshold
2021-11-08 16:41:16.195710       type: fixed
2021-11-08 16:41:16.195714       value: 0.0001
2021-11-08 16:41:16.195718     - bounds:
2021-11-08 16:41:16.195723       - 0
2021-11-08 16:41:16.195728       - 10
2021-11-08 16:41:16.195741       name: train.lr_scheduler_args.patience
2021-11-08 16:41:16.195746       type: range
2021-11-08 16:41:16.195771     - is_ordered: true
2021-11-08 16:41:16.195778       name: lookup_embedder.dim
2021-11-08 16:41:16.195783       type: choice
2021-11-08 16:41:16.195788       values:
2021-11-08 16:41:16.195792       - 128
2021-11-08 16:41:16.195798       - 256
2021-11-08 16:41:16.195803       - 512
2021-11-08 16:41:16.195827     - name: lookup_embedder.initialize
2021-11-08 16:41:16.195833       type: choice
2021-11-08 16:41:16.195837       values:
2021-11-08 16:41:16.195841       - xavier_normal_
2021-11-08 16:41:16.195861       - xavier_uniform_
2021-11-08 16:41:16.195868       - normal_
2021-11-08 16:41:16.195872       - uniform_
2021-11-08 16:41:16.195877     - name: lookup_embedder.initialize_args.normal_.mean
2021-11-08 16:41:16.195882       type: fixed
2021-11-08 16:41:16.195886       value: 0.0
2021-11-08 16:41:16.195891     - bounds:
2021-11-08 16:41:16.195896       - 1.0e-05
2021-11-08 16:41:16.195912       - 1.0
2021-11-08 16:41:16.195921       log_scale: true
2021-11-08 16:41:16.195925       name: lookup_embedder.initialize_args.normal_.std
2021-11-08 16:41:16.195930       type: range
2021-11-08 16:41:16.195935     - bounds:
2021-11-08 16:41:16.195940       - -1.0
2021-11-08 16:41:16.195945       - -1.0e-05
2021-11-08 16:41:16.195950       name: lookup_embedder.initialize_args.uniform_.a
2021-11-08 16:41:16.195955       type: range
2021-11-08 16:41:16.195959     - name: lookup_embedder.initialize_args.xavier_uniform_.gain
2021-11-08 16:41:16.195963       type: fixed
2021-11-08 16:41:16.195967       value: 1.0
2021-11-08 16:41:16.195970     - name: lookup_embedder.initialize_args.xavier_normal_.gain
2021-11-08 16:41:16.195974       type: fixed
2021-11-08 16:41:16.195978       value: 1.0
2021-11-08 16:41:16.195982     - is_ordered: true
2021-11-08 16:41:16.195988       name: lookup_embedder.regularize
2021-11-08 16:41:16.195992       type: choice
2021-11-08 16:41:16.195997       values:
2021-11-08 16:41:16.196002       - ''
2021-11-08 16:41:16.196006       - l3
2021-11-08 16:41:16.196060       - l2
2021-11-08 16:41:16.196067       - l1
2021-11-08 16:41:16.196071     - name: lookup_embedder.regularize_args.weighted
2021-11-08 16:41:16.196076       type: choice
2021-11-08 16:41:16.196080       values:
2021-11-08 16:41:16.196084       - true
2021-11-08 16:41:16.196088       - false
2021-11-08 16:41:16.196091     - bounds:
2021-11-08 16:41:16.196095       - 1.0e-20
2021-11-08 16:41:16.196099       - 0.1
2021-11-08 16:41:16.196102       log_scale: true
2021-11-08 16:41:16.196211       name: complex.entity_embedder.regularize_weight
2021-11-08 16:41:16.196291       type: range
2021-11-08 16:41:16.196300     - bounds:
2021-11-08 16:41:16.196304       - 1.0e-20
2021-11-08 16:41:16.196327       - 0.1
2021-11-08 16:41:16.196339       log_scale: true
2021-11-08 16:41:16.196344       name: complex.relation_embedder.regularize_weight
2021-11-08 16:41:16.196348       type: range
2021-11-08 16:41:16.196352     - bounds:
2021-11-08 16:41:16.196357       - -0.5
2021-11-08 16:41:16.196361       - 0.5
2021-11-08 16:41:16.196369       name: complex.entity_embedder.dropout
2021-11-08 16:41:16.196373       type: range
2021-11-08 16:41:16.196377     - bounds:
2021-11-08 16:41:16.196381       - -0.5
2021-11-08 16:41:16.196385       - 0.5
2021-11-08 16:41:16.196389       name: complex.relation_embedder.dropout
2021-11-08 16:41:16.196393       type: range
2021-11-08 16:41:16.196396   complex:
2021-11-08 16:41:16.196400     class_name: ComplEx
2021-11-08 16:41:16.196404     entity_embedder:
2021-11-08 16:41:16.196408       +++: +++
2021-11-08 16:41:16.196412       type: lookup_embedder
2021-11-08 16:41:16.196416     relation_embedder:
2021-11-08 16:41:16.196419       +++: +++
2021-11-08 16:41:16.196423       type: lookup_embedder
2021-11-08 16:41:16.196427   conve:
2021-11-08 16:41:16.196430     2D_aspect_ratio: 2
2021-11-08 16:41:16.196434     class_name: ConvE
2021-11-08 16:41:16.196438     convolution_bias: true
2021-11-08 16:41:16.196441     entity_embedder:
2021-11-08 16:41:16.196445       +++: +++
2021-11-08 16:41:16.196449       dropout: 0.2
2021-11-08 16:41:16.196452       type: lookup_embedder
2021-11-08 16:41:16.196456     feature_map_dropout: 0.2
2021-11-08 16:41:16.196460     filter_size: 3
2021-11-08 16:41:16.196463     padding: 0
2021-11-08 16:41:16.196467     projection_dropout: 0.3
2021-11-08 16:41:16.196471     relation_embedder:
2021-11-08 16:41:16.196474       +++: +++
2021-11-08 16:41:16.196478       dropout: 0.2
2021-11-08 16:41:16.196482       type: lookup_embedder
2021-11-08 16:41:16.196485     round_dim: false
2021-11-08 16:41:16.196489     stride: 1
2021-11-08 16:41:16.196492   dataset:
2021-11-08 16:41:16.196496     +++: +++
2021-11-08 16:41:16.196500     entity_map: entity_map.del
2021-11-08 16:41:16.196503     name: fb15k-237
2021-11-08 16:41:16.196507     relation_map: relation_map.del
2021-11-08 16:41:16.196511     test: test.del
2021-11-08 16:41:16.196515     train: train.del
2021-11-08 16:41:16.196518     valid: valid.del
2021-11-08 16:41:16.196522   eval:
2021-11-08 16:41:16.196525     batch_size: 256
2021-11-08 16:41:16.196529     chunk_size: -1
2021-11-08 16:41:16.196533     data: valid
2021-11-08 16:41:16.196536     hits_at_k_s:
2021-11-08 16:41:16.196547     - 1
2021-11-08 16:41:16.196552     - 3
2021-11-08 16:41:16.196556     - 10
2021-11-08 16:41:16.196560     - 50
2021-11-08 16:41:16.196564     - 100
2021-11-08 16:41:16.196568     - 200
2021-11-08 16:41:16.196638     - 300
2021-11-08 16:41:16.196649     - 400
2021-11-08 16:41:16.196654     - 500
2021-11-08 16:41:16.196657     - 1000
2021-11-08 16:41:16.196661     metrics_per:
2021-11-08 16:41:16.196665       argument_frequency: false
2021-11-08 16:41:16.196670       head_and_tail: false
2021-11-08 16:41:16.196674       relation_type: true
2021-11-08 16:41:16.196678     num_workers: 0
2021-11-08 16:41:16.196682     pin_memory: false
2021-11-08 16:41:16.196686     trace_level: example
2021-11-08 16:41:16.196690     type: entity_ranking
2021-11-08 16:41:16.196693   grid_search:
2021-11-08 16:41:16.196697     parameters:
2021-11-08 16:41:16.196700       +++: +++
2021-11-08 16:41:16.196704     run: true
2021-11-08 16:41:16.196708   import:
2021-11-08 16:41:16.196711   - complex
2021-11-08 16:41:16.196715   - reciprocal_relations_model
2021-11-08 16:41:16.196719   job:
2021-11-08 16:41:16.196722     device: cuda
2021-11-08 16:41:16.196726     type: search
2021-11-08 16:41:16.196729   lookup_embedder:
2021-11-08 16:41:16.196733     class_name: LookupEmbedder
2021-11-08 16:41:16.196737     dim: 100
2021-11-08 16:41:16.196741     dropout: 0.0
2021-11-08 16:41:16.196744     initialize: normal_
2021-11-08 16:41:16.196748     initialize_args:
2021-11-08 16:41:16.196751       +++: +++
2021-11-08 16:41:16.196755     normalize:
2021-11-08 16:41:16.196759       p: -1.0
2021-11-08 16:41:16.196763       with_grad: false
2021-11-08 16:41:16.196766     regularize: lp
2021-11-08 16:41:16.196770     regularize_args:
2021-11-08 16:41:16.196774       +++: +++
2021-11-08 16:41:16.196777       weighted: false
2021-11-08 16:41:16.196781     regularize_weight: 0.0
2021-11-08 16:41:16.196785     round_dim_to: []
2021-11-08 16:41:16.196788     sparse: false
2021-11-08 16:41:16.196792   manual_search:
2021-11-08 16:41:16.196796     configurations: []
2021-11-08 16:41:16.196799     run: true
2021-11-08 16:41:16.196803   model: ''
2021-11-08 16:41:16.196807   negative_sampling:
2021-11-08 16:41:16.196810     filter_positives_o: false
2021-11-08 16:41:16.196814     filter_positives_p: false
2021-11-08 16:41:16.196818     filter_positives_s: false
2021-11-08 16:41:16.196821     implementation: sp_po
2021-11-08 16:41:16.196825     num_samples_o: -1
2021-11-08 16:41:16.196829     num_samples_p: -1
2021-11-08 16:41:16.196832     num_samples_s: 3
2021-11-08 16:41:16.196836     sampling_type: uniform
2021-11-08 16:41:16.196840   random_seed:
2021-11-08 16:41:16.196843     numpy: -1
2021-11-08 16:41:16.196847     python: -1
2021-11-08 16:41:16.196851     torch: -1
2021-11-08 16:41:16.196854   reciprocal_relations_model:
2021-11-08 16:41:16.196858     base_model:
2021-11-08 16:41:16.196862       +++: +++
2021-11-08 16:41:16.196865       type: complex
2021-11-08 16:41:16.196869     class_name: ReciprocalRelationsModel
2021-11-08 16:41:16.196873   search:
2021-11-08 16:41:16.196877     device_pool: []
2021-11-08 16:41:16.196880     num_workers: 1
2021-11-08 16:41:16.196884     on_error: abort
2021-11-08 16:41:16.196888     type: ax
2021-11-08 16:41:16.196891   train:
2021-11-08 16:41:16.196895     auto_correct: true
2021-11-08 16:41:16.196899     batch_size: 100
2021-11-08 16:41:16.196903     checkpoint:
2021-11-08 16:41:16.196907       every: 5
2021-11-08 16:41:16.196910       keep: 3
2021-11-08 16:41:16.196914     force_time: true
2021-11-08 16:41:16.196918     loss: bce
2021-11-08 16:41:16.196921     loss_arg: 1.0
2021-11-08 16:41:16.196926     lr_scheduler: ConstantLRScheduler
2021-11-08 16:41:16.196930     lr_scheduler_args:
2021-11-08 16:41:16.196933       +++: +++
2021-11-08 16:41:16.196937     max_epochs: 400
2021-11-08 16:41:16.196941     max_train_time: 100
2021-11-08 16:41:16.196944     num_workers: 0
2021-11-08 16:41:16.196948     optimizer: Adagrad
2021-11-08 16:41:16.196952     optimizer_args:
2021-11-08 16:41:16.196955       +++: +++
2021-11-08 16:41:16.196959     pin_memory: false
2021-11-08 16:41:16.196962     trace_level: epoch
2021-11-08 16:41:16.196966     type: KvsAll
2021-11-08 16:41:16.196970     visualize_graph: false
2021-11-08 16:41:16.196973   user:
2021-11-08 16:41:16.196977     +++: +++
2021-11-08 16:41:16.196981   valid:
2021-11-08 16:41:16.196985     early_stopping:
2021-11-08 16:41:16.196988       min_threshold:
2021-11-08 16:41:16.196992         epochs: 50
2021-11-08 16:41:16.196996         metric_value: 0.05
2021-11-08 16:41:16.196999       patience: 10
2021-11-08 16:41:16.197003     every: 5
2021-11-08 16:41:16.197007     filter_with_test: true
2021-11-08 16:41:16.197010     metric: mean_reciprocal_rank_filtered_with_test
2021-11-08 16:41:16.197014     metric_expr: float("nan")
2021-11-08 16:41:16.197018     trace_level: epoch
2021-11-08 16:41:16.491112   git commit: 32085da
